<?xml version="1.0" encoding="utf-8"?><testsuites name="pytest tests"><testsuite name="pytest" errors="0" failures="0" skipped="0" tests="26" time="81.263" timestamp="2026-04-10T15:54:57.111772+00:00" hostname="agent-env-972339a0-6ef9-468f-9dd3-5492b2267ebd"><testcase classname="backend.tests.test_intelligence_engine.TestAuthEndpoints" name="test_client_login_success" time="0.461" /><testcase classname="backend.tests.test_intelligence_engine.TestAuthEndpoints" name="test_lawyer_login_success" time="0.356" /><testcase classname="backend.tests.test_intelligence_engine.TestAuthEndpoints" name="test_login_invalid_credentials" time="0.117" /><testcase classname="backend.tests.test_intelligence_engine.TestKeywordExtraction" name="test_extract_keywords_success" time="9.107" /><testcase classname="backend.tests.test_intelligence_engine.TestKeywordExtraction" name="test_extract_keywords_criminal_case" time="2.546" /><testcase classname="backend.tests.test_intelligence_engine.TestDecisionTreeQuestions" name="test_get_first_question_civil" time="0.121" /><testcase classname="backend.tests.test_intelligence_engine.TestDecisionTreeQuestions" name="test_get_first_question_criminal" time="0.120" /><testcase classname="backend.tests.test_intelligence_engine.TestDecisionTreeQuestions" name="test_get_follow_up_question" time="0.099" /><testcase classname="backend.tests.test_intelligence_engine.TestDecisionTreeQuestions" name="test_all_categories_have_questions" time="0.671" /><testcase classname="backend.tests.test_intelligence_engine.TestCaseAnalysis" name="test_analyze_case_success" time="20.752" /><testcase classname="backend.tests.test_intelligence_engine.TestCaseAnalysis" name="test_analyze_case_returns_lawyers" time="17.684" /><testcase classname="backend.tests.test_intelligence_engine.TestRiskAnalysis" name="test_risk_analysis_success" time="0.141" /><testcase classname="backend.tests.test_intelligence_engine.TestStampPaperDiagnostic" name="test_judicial_stamp_paper" time="0.122" /><testcase classname="backend.tests.test_intelligence_engine.TestStampPaperDiagnostic" name="test_non_judicial_stamp_paper" time="0.120" /><testcase classname="backend.tests.test_intelligence_engine.TestNyayIDGeneration" name="test_generate_nyayid_success" time="0.104" /><testcase classname="backend.tests.test_intelligence_engine.TestTranslation" name="test_translate_to_hindi" time="4.299" /><testcase classname="backend.tests.test_intelligence_engine.TestTranslation" name="test_translate_unsupported_language" time="0.111" /><testcase classname="backend.tests.test_intelligence_engine.TestAuthenticatedEndpoints" name="test_my_cases_success" time="0.381" /><testcase classname="backend.tests.test_intelligence_engine.TestAuthenticatedEndpoints" name="test_my_cases_unauthorized" time="0.154" /><testcase classname="backend.tests.test_intelligence_engine.TestAuthenticatedEndpoints" name="test_consultation_request_success" time="0.152" /><testcase classname="backend.tests.test_intelligence_engine.TestAuthenticatedEndpoints" name="test_save_case_with_nyayid_success" time="0.049" /><testcase classname="backend.tests.test_intelligence_engine.TestAuthenticatedEndpoints" name="test_generate_affidavit_success" time="22.526" /><testcase classname="backend.tests.test_intelligence_engine.TestAuthenticatedEndpoints" name="test_generate_affidavit_unauthorized" time="0.234" /><testcase classname="backend.tests.test_intelligence_engine.TestLawyerEndpoints" name="test_get_cases_as_lawyer" time="0.409" /><testcase classname="backend.tests.test_intelligence_engine.TestLawyerEndpoints" name="test_get_cases_as_client_forbidden" time="0.051" /><testcase classname="backend.tests.test_intelligence_engine.TestLawyersEndpoint" name="test_get_lawyers_success" time="0.115" /></testsuite></testsuites>