<?xml version="1.0" encoding="utf-8"?><testsuites name="pytest tests"><testsuite name="pytest" errors="0" failures="0" skipped="0" tests="20" time="59.605" timestamp="2026-04-10T16:18:58.827618+00:00" hostname="agent-env-972339a0-6ef9-468f-9dd3-5492b2267ebd"><testcase classname="tests.test_new_features.TestAuth" name="test_client_login_success" time="0.425" /><testcase classname="tests.test_new_features.TestAuth" name="test_lawyer_login_success" time="0.333" /><testcase classname="tests.test_new_features.TestLegalChatbot" name="test_chat_without_session" time="4.487" /><testcase classname="tests.test_new_features.TestLegalChatbot" name="test_chat_with_session" time="13.425" /><testcase classname="tests.test_new_features.TestNotifications" name="test_get_notifications_unauthenticated" time="0.272" /><testcase classname="tests.test_new_features.TestNotifications" name="test_get_notifications_authenticated" time="0.384" /><testcase classname="tests.test_new_features.TestNotifications" name="test_mark_all_notifications_read" time="0.385" /><testcase classname="tests.test_new_features.TestReferralSystem" name="test_get_referrals_as_lawyer" time="0.380" /><testcase classname="tests.test_new_features.TestReferralSystem" name="test_get_referrals_as_client_forbidden" time="0.408" /><testcase classname="tests.test_new_features.TestReferralSystem" name="test_create_referral_requires_lawyer" time="0.396" /><testcase classname="tests.test_new_features.TestPayments" name="test_get_packages" time="0.161" /><testcase classname="tests.test_new_features.TestPayments" name="test_create_checkout_requires_auth" time="0.125" /><testcase classname="tests.test_new_features.TestPayments" name="test_create_checkout_invalid_package" time="0.489" /><testcase classname="tests.test_new_features.TestConsultations" name="test_get_consultations_requires_auth" time="0.101" /><testcase classname="tests.test_new_features.TestConsultations" name="test_get_consultations_authenticated" time="0.405" /><testcase classname="tests.test_new_features.TestTFIDFSearch" name="test_analyze_case_returns_relevant_laws" time="19.722" /><testcase classname="tests.test_new_features.TestTFIDFSearch" name="test_analyze_case_criminal" time="15.432" /><testcase classname="tests.test_new_features.TestConsultationRequest" name="test_consultation_request_creates_notification" time="1.402" /><testcase classname="tests.test_new_features.TestLawyersEndpoint" name="test_get_lawyers" time="0.224" /><testcase classname="tests.test_new_features.TestLawyerCases" name="test_get_cases_as_lawyer" time="0.513" /></testsuite></testsuites>